<?xml version="1.0" encoding="UTF-8"?>
<!-- Generated by org.testng.reporters.JUnitReportReporter -->
<testsuite hostname="SIAQ00121MB.local" name="justRunner.TestRunner" tests="1" failures="0" timestamp="19 May 2020 09:06:16 GMT" time="3.252" errors="0">
  <testcase name="feature" time="3.252" classname="justRunner.TestRunner"/>
</testsuite> <!-- justRunner.TestRunner -->
